{
  "RSpec": {
    "coverage": {
      "/Users/Rorie/Projects/week_10/bank-tech-test/spec/bank_account_spec.rb": {
        "lines": [
          null,
          null,
          1,
          null,
          1,
          8,
          2,
          3,
          null,
          1,
          7,
          null,
          null,
          null,
          null,
          1,
          1,
          1,
          null,
          1,
          null,
          1,
          1,
          null,
          1,
          null,
          1,
          2,
          null,
          null,
          null,
          1,
          1,
          3,
          null,
          null,
          1,
          1,
          null,
          1,
          2,
          null,
          1,
          2,
          null,
          null,
          null,
          1,
          1,
          1,
          null,
          null,
          null
        ]
      },
      "/Users/Rorie/Projects/week_10/bank-tech-test/lib/bank_account.rb": {
        "lines": [
          null,
          null,
          null,
          1,
          null,
          1,
          null,
          1,
          11,
          11,
          null,
          null,
          1,
          12,
          null,
          11,
          null,
          null,
          1,
          8,
          null,
          7,
          null,
          null,
          1,
          4,
          null,
          null,
          1,
          2,
          null,
          null,
          1,
          null,
          1,
          20,
          null,
          null
        ]
      },
      "/Users/Rorie/Projects/week_10/bank-tech-test/spec/feature_tests/feature_spec.rb": {
        "lines": [
          null,
          null,
          1,
          null,
          1,
          5,
          4,
          null,
          1,
          1,
          1,
          null,
          null,
          null,
          1,
          1,
          2,
          null,
          null,
          1,
          1,
          null,
          null,
          null,
          1,
          1,
          1,
          null,
          null,
          null,
          null,
          null,
          null,
          1,
          1,
          null,
          1,
          null,
          null,
          null,
          null,
          null,
          1,
          1,
          1,
          1,
          1,
          2,
          null,
          null,
          null
        ]
      },
      "/Users/Rorie/Projects/week_10/bank-tech-test/spec/statement_spec.rb": {
        "lines": [
          null,
          null,
          1,
          null,
          1,
          2,
          1,
          1,
          null,
          1,
          null,
          1,
          null,
          null,
          null,
          null,
          null,
          null,
          null,
          null,
          1,
          1,
          2,
          null,
          null,
          null
        ]
      },
      "/Users/Rorie/Projects/week_10/bank-tech-test/lib/statement.rb": {
        "lines": [
          null,
          null,
          null,
          1,
          1,
          5,
          5,
          5,
          null,
          null,
          1,
          null,
          1,
          5,
          null,
          null,
          1,
          5,
          12,
          null,
          null,
          null,
          null,
          1,
          5,
          4,
          null,
          null,
          null
        ]
      },
      "/Users/Rorie/Projects/week_10/bank-tech-test/spec/transactions_spec.rb": {
        "lines": [
          null,
          null,
          1,
          null,
          1,
          4,
          4,
          null,
          1,
          1,
          1,
          null,
          null,
          null,
          1,
          1,
          1,
          null,
          null,
          1,
          1,
          null,
          null,
          null,
          1,
          1,
          1,
          1,
          null,
          null,
          1,
          1,
          null,
          null,
          null
        ]
      },
      "/Users/Rorie/Projects/week_10/bank-tech-test/lib/transactions.rb": {
        "lines": [
          null,
          null,
          null,
          1,
          null,
          1,
          null,
          1,
          14,
          null,
          null,
          1,
          13,
          null,
          null,
          1,
          8,
          null,
          7,
          null,
          null,
          1,
          2,
          null,
          null,
          1,
          null,
          1,
          34,
          null,
          null,
          1,
          13,
          null,
          null,
          1,
          7,
          null,
          null,
          1,
          8,
          null,
          null,
          null
        ]
      }
    },
    "timestamp": 1620145000
  }
}
