{
  "RSpec": {
    "coverage": {
      "/Users/Rorie/Projects/week_10/bank-tech-test/spec/bank_account_spec.rb": {
        "lines": [
          null,
          null,
          1,
          null,
          1,
          7,
          2,
          1,
          null,
          1,
          6,
          null,
          null,
          1,
          1,
          1,
          null,
          1,
          1,
          null,
          1,
          2,
          null,
          null,
          null,
          1,
          1,
          2,
          null,
          null,
          1,
          1,
          null,
          1,
          2,
          null,
          null,
          null,
          1,
          1,
          1,
          null,
          null,
          null
        ]
      },
      "/Users/Rorie/Projects/week_10/bank-tech-test/lib/bank_account.rb": {
        "lines": [
          null,
          null,
          null,
          1,
          1,
          null,
          1,
          null,
          1,
          11,
          11,
          11,
          null,
          null,
          1,
          11,
          null,
          10,
          10,
          null,
          null,
          1,
          6,
          null,
          5,
          5,
          null,
          null,
          1,
          2,
          null,
          null,
          1,
          null,
          1,
          null,
          1,
          6,
          null,
          null,
          1,
          10,
          null,
          null,
          1,
          5,
          null,
          null
        ]
      },
      "/Users/Rorie/Projects/week_10/bank-tech-test/spec/feature_tests/feature_spec.rb": {
        "lines": [
          null,
          null,
          1,
          null,
          1,
          6,
          3,
          null,
          1,
          1,
          1,
          null,
          1,
          1,
          null,
          null,
          null,
          1,
          1,
          2,
          null,
          null,
          1,
          1,
          null,
          1,
          1,
          1,
          null,
          null,
          null,
          null,
          null,
          null,
          1,
          1,
          1,
          null,
          null,
          null,
          null,
          null,
          null,
          1,
          1,
          1,
          1,
          1,
          2,
          null,
          null,
          null
        ]
      },
      "/Users/Rorie/Projects/week_10/bank-tech-test/spec/statement_spec.rb": {
        "lines": [
          null,
          null,
          1,
          null,
          1,
          2,
          1,
          1,
          null,
          1,
          null,
          1,
          null,
          null,
          null,
          null,
          null,
          null,
          null,
          null,
          1,
          1,
          2,
          null,
          null,
          null
        ]
      },
      "/Users/Rorie/Projects/week_10/bank-tech-test/lib/statement.rb": {
        "lines": [
          null,
          null,
          null,
          1,
          1,
          3,
          3,
          9,
          null,
          null,
          null,
          1,
          null,
          1,
          3,
          null,
          null
        ]
      },
      "/Users/Rorie/Projects/week_10/bank-tech-test/spec/transactions_spec.rb": {
        "lines": [
          null,
          null,
          1,
          null,
          1,
          4,
          3,
          null,
          1,
          1,
          1,
          null,
          null,
          null,
          1,
          1,
          1,
          1,
          null,
          null,
          null,
          1,
          1,
          1,
          1,
          1,
          null,
          null,
          null
        ]
      },
      "/Users/Rorie/Projects/week_10/bank-tech-test/lib/transactions.rb": {
        "lines": [
          null,
          null,
          null,
          1,
          1,
          null,
          1,
          14,
          null,
          null,
          1,
          12,
          null,
          null,
          1,
          6,
          null,
          null
        ]
      }
    },
    "timestamp": 1617895910
  }
}
